-------------------------------------------------------------------------------
      name:  <unnamed>
       log:  /home/research/ca_ed_lab/projects/csac_survey2024/log/explore/expl
> ore_sample_char.smcl
  log type:  smcl
 opened on:  21 Jun 2026, 16:40:33

. 
. graph drop _all

. set more off

. set varabbrev off

. set graphics off

. set scheme s1color

. set seed 1984

. 
. use $projdir/dta/csac_2024_initial_clean, clear

. 
. //------------------------------------------------
. // HS Senior status and college going
. //------------------------------------------------
. 
. tab hs_senior 

        Q8: |
  Graduated |
      HS in |
  spring or |
summer 2024 |      Freq.     Percent        Cum.
------------+-----------------------------------
         No |      2,429       17.26       17.26
        Yes |     11,642       82.74      100.00
------------+-----------------------------------
      Total |     14,071      100.00

. 
. tab attend_coll if hs_senior == 1

Q27: plan to |
      attend |
  college in |
    the fall |      Freq.     Percent        Cum.
-------------+-----------------------------------
I don't know |        417        4.16        4.16
          No |        164        1.64        5.79
         Yes |      9,448       94.21      100.00
-------------+-----------------------------------
       Total |     10,029      100.00

. 
. 
. 
. //------------------------------------------------
. // demographics
. //------------------------------------------------
. 
. di "race for all respondents"
race for all respondents

. tab race_simple_23

        mutually |
 exclusive race, |
    2023 version |      Freq.     Percent        Cum.
-----------------+-----------------------------------
           Black |        388        4.45        4.45
          Native |         29        0.33        4.78
           Asian |        968       11.10       15.88
        Filipino |        132        1.51       17.40
        Hispanic |      4,430       50.80       68.20
Pacific Islander |         24        0.28       68.47
           White |      1,319       15.13       83.60
      Other Race |        180        2.06       85.67
     Multiracial |      1,250       14.33      100.00
-----------------+-----------------------------------
           Total |      8,720      100.00

. tab race_simple_24

   race narrowly |
         defined |
       (mutually |
exclusive), 2024 |
         version |      Freq.     Percent        Cum.
-----------------+-----------------------------------
           Black |        396        4.54        4.54
          Native |         31        0.36        4.90
           Asian |      1,001       11.48       16.38
        Filipino |        133        1.53       17.90
        Hispanic |      4,458       51.12       69.03
Pacific Islander |         24        0.28       69.30
           White |      1,350       15.48       84.78
      Other Race |        180        2.06       86.85
     Multiracial |      1,147       13.15      100.00
-----------------+-----------------------------------
           Total |      8,720      100.00

. tab race_hrchy

 mutually exclusive race based |
              on URM hierarchy |      Freq.     Percent        Cum.
-------------------------------+-----------------------------------
American Indian/Alaskan Native |        204        2.34        2.34
                         Black |        644        7.39        9.72
                      Hispanic |      4,895       56.14       65.86
              Pacific Islander |         47        0.54       66.40
                      Filipino |        291        3.34       69.74
                         Asian |      1,109       12.72       82.45
                    Other race |        211        2.42       84.87
            White/Non-Hispanic |      1,319       15.13      100.00
-------------------------------+-----------------------------------
                         Total |      8,720      100.00

. 
. di "race for high school seniors"
race for high school seniors

. tab race_simple_23 if hs_senior==1 

        mutually |
 exclusive race, |
    2023 version |      Freq.     Percent        Cum.
-----------------+-----------------------------------
           Black |        388        4.45        4.45
          Native |         29        0.33        4.78
           Asian |        968       11.10       15.88
        Filipino |        132        1.51       17.40
        Hispanic |      4,430       50.80       68.20
Pacific Islander |         24        0.28       68.47
           White |      1,319       15.13       83.60
      Other Race |        180        2.06       85.67
     Multiracial |      1,250       14.33      100.00
-----------------+-----------------------------------
           Total |      8,720      100.00

. tab race_simple_23 if hs_senior==1 

        mutually |
 exclusive race, |
    2023 version |      Freq.     Percent        Cum.
-----------------+-----------------------------------
           Black |        388        4.45        4.45
          Native |         29        0.33        4.78
           Asian |        968       11.10       15.88
        Filipino |        132        1.51       17.40
        Hispanic |      4,430       50.80       68.20
Pacific Islander |         24        0.28       68.47
           White |      1,319       15.13       83.60
      Other Race |        180        2.06       85.67
     Multiracial |      1,250       14.33      100.00
-----------------+-----------------------------------
           Total |      8,720      100.00

. tab race_hrchy if hs_senior == 1

 mutually exclusive race based |
              on URM hierarchy |      Freq.     Percent        Cum.
-------------------------------+-----------------------------------
American Indian/Alaskan Native |        204        2.34        2.34
                         Black |        644        7.39        9.72
                      Hispanic |      4,895       56.14       65.86
              Pacific Islander |         47        0.54       66.40
                      Filipino |        291        3.34       69.74
                         Asian |      1,109       12.72       82.45
                    Other race |        211        2.42       84.87
            White/Non-Hispanic |      1,319       15.13      100.00
-------------------------------+-----------------------------------
                         Total |      8,720      100.00

. 
. 
. di "parent education"
parent education

. 
. tab parent_edu if hs_senior==1

          Q73: highest parent education |      Freq.     Percent        Cum.
----------------------------------------+-----------------------------------
                             Don't know |        507        5.80        5.80
           Did not complete high school |      1,813       20.75       26.55
                    High school diploma |      2,389       27.34       53.89
        Some college, no college degree |      1,133       12.97       66.86
                       Associate degree |        452        5.17       72.03
                      Bachelor's degree |      1,277       14.61       86.64
Graduate/Professional degree beyond Bac |      1,167       13.36      100.00
----------------------------------------+-----------------------------------
                                  Total |      8,738      100.00

. 
. 
. di "home language is english"
home language is english

. 
. tab home_lang_eng if hs_senior == 1

    Q76: Is |
    English |
    primary |
language at |
       home |      Freq.     Percent        Cum.
------------+-----------------------------------
         No |      3,979       45.48       45.48
        Yes |      4,769       54.52      100.00
------------+-----------------------------------
      Total |      8,748      100.00

. 
. di "has a job"
has a job

. 
. tab has_job if hs_senior == 1

       Q80: |
current has |
      a job |      Freq.     Percent        Cum.
------------+-----------------------------------
         No |      6,510       74.39       74.39
        Yes |      2,241       25.61      100.00
------------+-----------------------------------
      Total |      8,751      100.00

. 
. di "gender"
gender

. 
. tab gender if hs_senior == 1

                                Q83 |      Freq.     Percent        Cum.
------------------------------------+-----------------------------------
                                Man |      3,169       36.26       36.26
                              Woman |      5,162       59.06       95.32
                         Non-binary |        193        2.21       97.53
                  Prefer not to say |        180        2.06       99.59
Other (please feel free to specify) |         36        0.41      100.00
------------------------------------+-----------------------------------
                              Total |      8,740      100.00

. 
. 
. 
. //------------------------------------------------
. // tools and factors in college selection 
. //------------------------------------------------
. 
. di "Q45: how helpful was..."
Q45: how helpful was...

. 
. foreach var of varlist helpful_source_* {
  2.     tab `var' if hs_senior == 1
  3. }

  Q45: how helpful |
 was HS counselors |
      and teachers |      Freq.     Percent        Cum.
-------------------+-----------------------------------
Not at all helpful |        844        9.65        9.65
  Somewhat helpful |      3,936       44.99       54.64
      Very Helpful |      3,968       45.36      100.00
-------------------+-----------------------------------
             Total |      8,748      100.00

  Q45: how helpful |
      were parents |      Freq.     Percent        Cum.
-------------------+-----------------------------------
Not at all helpful |      1,539       18.67       18.67
  Somewhat helpful |      3,759       45.59       64.26
      Very Helpful |      2,947       35.74      100.00
-------------------+-----------------------------------
             Total |      8,245      100.00

  Qrt: how helpful |
       were family |
           members |      Freq.     Percent        Cum.
-------------------+-----------------------------------
Not at all helpful |      1,757       27.65       27.65
  Somewhat helpful |      2,828       44.50       72.15
      Very Helpful |      1,770       27.85      100.00
-------------------+-----------------------------------
             Total |      6,355      100.00

  Q45: how helpful |
      were friends |      Freq.     Percent        Cum.
-------------------+-----------------------------------
Not at all helpful |      1,535       21.58       21.58
  Somewhat helpful |      4,153       58.39       79.98
      Very Helpful |      1,424       20.02      100.00
-------------------+-----------------------------------
             Total |      7,112      100.00

  Q45: how helpful |
  was social media |      Freq.     Percent        Cum.
-------------------+-----------------------------------
Not at all helpful |      2,047       32.01       32.01
  Somewhat helpful |      3,353       52.43       84.44
      Very Helpful |        995       15.56      100.00
-------------------+-----------------------------------
             Total |      6,395      100.00

  Q45: how helpful |
      were college |
     website/staff |      Freq.     Percent        Cum.
-------------------+-----------------------------------
Not at all helpful |      1,021       12.92       12.92
  Somewhat helpful |      4,492       56.85       69.77
      Very Helpful |      2,389       30.23      100.00
-------------------+-----------------------------------
             Total |      7,902      100.00

  Q45: how helpful |
       was private |
 college counselor |      Freq.     Percent        Cum.
-------------------+-----------------------------------
Not at all helpful |        859       20.58       20.58
  Somewhat helpful |      1,839       44.06       64.64
      Very Helpful |      1,476       35.36      100.00
-------------------+-----------------------------------
             Total |      4,174      100.00

. 
. di "Q47: social media platforms"
Q47: social media platforms

. 
. sum social_reddit - social_other if hs_senior == 1

    Variable |        Obs        Mean    Std. dev.       Min        Max
-------------+---------------------------------------------------------
social_red~t |      4,159     .144025    .3511573          0          1
   social_fb |      4,159    .0351046    .1840663          0          1
   social_yt |      4,159    .3498437    .4769778          0          1
social_tik~k |      4,159    .4938687    .5000225          0          1
social_insta |      4,159    .5681654    .4953912          0          1
-------------+---------------------------------------------------------
social_twi~r |      4,159    .0403943    .1969059          0          1
social_other |      4,159     .112527    .3160518          0          1

. 
. di "Q49: who helpd you fill out the college application"
Q49: who helpd you fill out the college application

. sum help_parent - help_self if hs_senior==1

    Variable |        Obs        Mean    Std. dev.       Min        Max
-------------+---------------------------------------------------------
 help_parent |      8,756    .4486067    .4973801          0          1
 help_family |      8,756    .1494975    .3565985          0          1
help_teacher |      8,756    .2109411    .4079999          0          1
help_colls~f |      8,756    .0903381    .2866818          0          1
help_privc~r |      8,756    .0711512    .2570919          0          1
-------------+---------------------------------------------------------
help_hscou~r |      8,756    .4157149     .492873          0          1
  help_other |      8,756    .0549338    .2278639          0          1
   help_self |      8,756    .3286889    .4697635          0          1

. 
. di "Q50: college planning resources"
Q50: college planning resources

. sum resrc_finaidtool - resrc_other  if hs_senior==1

    Variable |        Obs        Mean    Std. dev.       Min        Max
-------------+---------------------------------------------------------
resrc_fina~l |      8,337    .4232938    .4941108          0          1
resrc_webs~e |      8,337    .5779057     .493923          0          1
resrc_comp~l |      8,337    .1808804    .3849422          0          1
resrc_agtool |      8,337           0           0          0          0
resrc_appt~l |      8,337    .3105434    .4627438          0          1
-------------+---------------------------------------------------------
resrc_essa~l |      8,337    .1418976     .348966          0          1
resrc_coun~r |      8,337    .0870817    .2819716          0          1
 resrc_other |      8,337    .0292671    .1685644          0          1

. 
. log close 
      name:  <unnamed>
       log:  /home/research/ca_ed_lab/projects/csac_survey2024/log/explore/expl
> ore_sample_char.smcl
  log type:  smcl
 closed on:  21 Jun 2026, 16:40:33
-------------------------------------------------------------------------------
