-------------------------------------------------------------------------------
      name:  <unnamed>
       log:  /home/research/ca_ed_lab/projects/csac_survey2024/log/explore/hear
> d_back_by_applied_month.smcl
  log type:  smcl
 opened on:  11 Dec 2024, 17:28:51

. 
. bysort month: tab  coll_applied_coded_trunc coll_contact, row 

-------------------------------------------------------------------------------
-> month = 5

+----------------+
| Key            |
|----------------|
|   frequency    |
| row percentage |
+----------------+

                      |  Q40: has any college contacted
Colleges applied with |         you about finaid
 truncated categories |       All       None       Some |     Total
----------------------+---------------------------------+----------
                  CCC |       317        809        439 |     1,565 
                      |     20.26      51.69      28.05 |    100.00 
----------------------+---------------------------------+----------
                  CSU |       158         85        237 |       480 
                      |     32.92      17.71      49.38 |    100.00 
----------------------+---------------------------------+----------
                   UC |        59         24         69 |       152 
                      |     38.82      15.79      45.39 |    100.00 
----------------------+---------------------------------+----------
               CCC,UC |        25         21         26 |        72 
                      |     34.72      29.17      36.11 |    100.00 
----------------------+---------------------------------+----------
              CCC,CSU |        81         76        142 |       299 
                      |     27.09      25.42      47.49 |    100.00 
----------------------+---------------------------------+----------
               CSU,UC |       144         43        233 |       420 
                      |     34.29      10.24      55.48 |    100.00 
----------------------+---------------------------------+----------
           CCC,CSU,UC |        76         47        157 |       280 
                      |     27.14      16.79      56.07 |    100.00 
----------------------+---------------------------------+----------
       CCC,UC,PRIVATE |         4          1         11 |        16 
                      |     25.00       6.25      68.75 |    100.00 
----------------------+---------------------------------+----------
      CCC,CSU,PRIVATE |         7          3         13 |        23 
                      |     30.43      13.04      56.52 |    100.00 
----------------------+---------------------------------+----------
       CSU,UC,PRIVATE |        57         15         85 |       157 
                      |     36.31       9.55      54.14 |    100.00 
----------------------+---------------------------------+----------
   CCC,CSU,UC,PRIVATE |        29         11         44 |        84 
                      |     34.52      13.10      52.38 |    100.00 
----------------------+---------------------------------+----------
    CCC,UC,VOCATIONAL |         0          1          0 |         1 
                      |      0.00     100.00       0.00 |    100.00 
----------------------+---------------------------------+----------
   CCC,CSU,VOCATIONAL |         0          4          5 |         9 
                      |      0.00      44.44      55.56 |    100.00 
----------------------+---------------------------------+----------
CCC,CSU,UC,VOCATIONAL |         0          0          1 |         1 
                      |      0.00       0.00     100.00 |    100.00 
----------------------+---------------------------------+----------
       CCC,UC,OUTSIDE |         1          2          6 |         9 
                      |     11.11      22.22      66.67 |    100.00 
----------------------+---------------------------------+----------
      CCC,CSU,OUTSIDE |         8          8         10 |        26 
                      |     30.77      30.77      38.46 |    100.00 
----------------------+---------------------------------+----------
       CSU,UC,OUTSIDE |        47         10         84 |       141 
                      |     33.33       7.09      59.57 |    100.00 
----------------------+---------------------------------+----------
   CCC,CSU,UC,OUTSIDE |        18          7         27 |        52 
                      |     34.62      13.46      51.92 |    100.00 
----------------------+---------------------------------+----------
    OTHERCOMBINATIONS |       392        239        567 |     1,198 
                      |     32.72      19.95      47.33 |    100.00 
----------------------+---------------------------------+----------
                Total |     1,423      1,406      2,156 |     4,985 
                      |     28.55      28.20      43.25 |    100.00 

-------------------------------------------------------------------------------
-> month = 6

+----------------+
| Key            |
|----------------|
|   frequency    |
| row percentage |
+----------------+

                      |  Q40: has any college contacted
Colleges applied with |         you about finaid
 truncated categories |       All       None       Some |     Total
----------------------+---------------------------------+----------
                  CCC |       283        761        406 |     1,450 
                      |     19.52      52.48      28.00 |    100.00 
----------------------+---------------------------------+----------
                  CSU |       118         75        166 |       359 
                      |     32.87      20.89      46.24 |    100.00 
----------------------+---------------------------------+----------
                   UC |        42         13         76 |       131 
                      |     32.06       9.92      58.02 |    100.00 
----------------------+---------------------------------+----------
               CCC,UC |        14         23         22 |        59 
                      |     23.73      38.98      37.29 |    100.00 
----------------------+---------------------------------+----------
              CCC,CSU |        73         67        109 |       249 
                      |     29.32      26.91      43.78 |    100.00 
----------------------+---------------------------------+----------
               CSU,UC |       111         29        160 |       300 
                      |     37.00       9.67      53.33 |    100.00 
----------------------+---------------------------------+----------
           CCC,CSU,UC |        68         43        102 |       213 
                      |     31.92      20.19      47.89 |    100.00 
----------------------+---------------------------------+----------
       CCC,UC,PRIVATE |         3          0          1 |         4 
                      |     75.00       0.00      25.00 |    100.00 
----------------------+---------------------------------+----------
      CCC,CSU,PRIVATE |         8          1          7 |        16 
                      |     50.00       6.25      43.75 |    100.00 
----------------------+---------------------------------+----------
       CSU,UC,PRIVATE |        52         11         75 |       138 
                      |     37.68       7.97      54.35 |    100.00 
----------------------+---------------------------------+----------
   CCC,CSU,UC,PRIVATE |        14          7         33 |        54 
                      |     25.93      12.96      61.11 |    100.00 
----------------------+---------------------------------+----------
    CCC,UC,VOCATIONAL |         1          1          0 |         2 
                      |     50.00      50.00       0.00 |    100.00 
----------------------+---------------------------------+----------
   CCC,CSU,VOCATIONAL |         1          1          4 |         6 
                      |     16.67      16.67      66.67 |    100.00 
----------------------+---------------------------------+----------
    CSU,UC,VOCATIONAL |         1          2          1 |         4 
                      |     25.00      50.00      25.00 |    100.00 
----------------------+---------------------------------+----------
CCC,CSU,UC,VOCATIONAL |         0          2          0 |         2 
                      |      0.00     100.00       0.00 |    100.00 
----------------------+---------------------------------+----------
       CCC,UC,OUTSIDE |         3          2          7 |        12 
                      |     25.00      16.67      58.33 |    100.00 
----------------------+---------------------------------+----------
      CCC,CSU,OUTSIDE |         3          3          9 |        15 
                      |     20.00      20.00      60.00 |    100.00 
----------------------+---------------------------------+----------
       CSU,UC,OUTSIDE |        31          6         48 |        85 
                      |     36.47       7.06      56.47 |    100.00 
----------------------+---------------------------------+----------
   CCC,CSU,UC,OUTSIDE |        10          2         14 |        26 
                      |     38.46       7.69      53.85 |    100.00 
----------------------+---------------------------------+----------
    OTHERCOMBINATIONS |       308        233        350 |       891 
                      |     34.57      26.15      39.28 |    100.00 
----------------------+---------------------------------+----------
                Total |     1,144      1,282      1,590 |     4,016 
                      |     28.49      31.92      39.59 |    100.00 

-------------------------------------------------------------------------------
-> month = 7

+----------------+
| Key            |
|----------------|
|   frequency    |
| row percentage |
+----------------+

                      |  Q40: has any college contacted
Colleges applied with |         you about finaid
 truncated categories |       All       None       Some |     Total
----------------------+---------------------------------+----------
                  CCC |        21         69         47 |       137 
                      |     15.33      50.36      34.31 |    100.00 
----------------------+---------------------------------+----------
                  CSU |         6          6         10 |        22 
                      |     27.27      27.27      45.45 |    100.00 
----------------------+---------------------------------+----------
                   UC |         2          2          4 |         8 
                      |     25.00      25.00      50.00 |    100.00 
----------------------+---------------------------------+----------
               CCC,UC |         0          1          0 |         1 
                      |      0.00     100.00       0.00 |    100.00 
----------------------+---------------------------------+----------
              CCC,CSU |         4          7          9 |        20 
                      |     20.00      35.00      45.00 |    100.00 
----------------------+---------------------------------+----------
               CSU,UC |         1          0          7 |         8 
                      |     12.50       0.00      87.50 |    100.00 
----------------------+---------------------------------+----------
           CCC,CSU,UC |         1          0          4 |         5 
                      |     20.00       0.00      80.00 |    100.00 
----------------------+---------------------------------+----------
       CCC,UC,PRIVATE |         2          0          0 |         2 
                      |    100.00       0.00       0.00 |    100.00 
----------------------+---------------------------------+----------
      CCC,CSU,PRIVATE |         2          1          0 |         3 
                      |     66.67      33.33       0.00 |    100.00 
----------------------+---------------------------------+----------
       CSU,UC,PRIVATE |         1          0          2 |         3 
                      |     33.33       0.00      66.67 |    100.00 
----------------------+---------------------------------+----------
   CCC,CSU,UC,PRIVATE |         1          1          3 |         5 
                      |     20.00      20.00      60.00 |    100.00 
----------------------+---------------------------------+----------
   CCC,CSU,VOCATIONAL |         0          0          1 |         1 
                      |      0.00       0.00     100.00 |    100.00 
----------------------+---------------------------------+----------
CCC,CSU,UC,VOCATIONAL |         0          1          0 |         1 
                      |      0.00     100.00       0.00 |    100.00 
----------------------+---------------------------------+----------
      CCC,CSU,OUTSIDE |         1          0          1 |         2 
                      |     50.00       0.00      50.00 |    100.00 
----------------------+---------------------------------+----------
       CSU,UC,OUTSIDE |         2          0          2 |         4 
                      |     50.00       0.00      50.00 |    100.00 
----------------------+---------------------------------+----------
    OTHERCOMBINATIONS |        14         16         23 |        53 
                      |     26.42      30.19      43.40 |    100.00 
----------------------+---------------------------------+----------
                Total |        58        104        113 |       275 
                      |     21.09      37.82      41.09 |    100.00 


. 
. log close 
      name:  <unnamed>
       log:  /home/research/ca_ed_lab/projects/csac_survey2024/log/explore/hear
> d_back_by_applied_month.smcl
  log type:  smcl
 closed on:  11 Dec 2024, 17:28:51
-------------------------------------------------------------------------------
