-------------------------------------------------------------------------------
      name:  <unnamed>
       log:  /home/research/ca_ed_lab/projects/csac_survey2024/log/explore/sele
> ct_all_denom.smcl
  log type:  smcl
 opened on:  11 Dec 2024, 17:28:51

. 
. foreach var of local select_all_raw_qs {
  2.     di "number of nonmissing responses for `var'"
  3. 
.     mdesc `var' if hs_senior==1, none
  4. }
number of nonmissing responses for why_fafsa_raw

                |      None                        Percent              
    Variable    |     Missing          Total     Not Missing
----------------+-----------------------------------------------
        no vars |      11,238      11,642          96.53
----------------+-----------------------------------------------
number of nonmissing responses for finaid_challenge_raw

                |      None                        Percent              
    Variable    |     Missing          Total     Not Missing
----------------+-----------------------------------------------
        no vars |      10,701      11,642          91.92
----------------+-----------------------------------------------
number of nonmissing responses for support_received_raw

                |      None                        Percent              
    Variable    |     Missing          Total     Not Missing
----------------+-----------------------------------------------
        no vars |      10,733      11,642          92.19
----------------+-----------------------------------------------
number of nonmissing responses for coll_applied_raw

                |      None                        Percent              
    Variable    |     Missing          Total     Not Missing
----------------+-----------------------------------------------
        no vars |       9,997      11,642          85.87
----------------+-----------------------------------------------
number of nonmissing responses for collapp_chall_raw

                |      None                        Percent              
    Variable    |     Missing          Total     Not Missing
----------------+-----------------------------------------------
        no vars |       9,497      11,642          81.58
----------------+-----------------------------------------------
number of nonmissing responses for fall_plan_raw

                |      None                        Percent              
    Variable    |     Missing          Total     Not Missing
----------------+-----------------------------------------------
        no vars |         146      11,642           1.25
----------------+-----------------------------------------------
number of nonmissing responses for why_no_coll_raw

                |      None                        Percent              
    Variable    |     Missing          Total     Not Missing
----------------+-----------------------------------------------
        no vars |         139      11,642           1.19
----------------+-----------------------------------------------
number of nonmissing responses for coll_decision_raw

                |      None                        Percent              
    Variable    |     Missing          Total     Not Missing
----------------+-----------------------------------------------
        no vars |         406      11,642           3.49
----------------+-----------------------------------------------
number of nonmissing responses for coll_contact_subject_raw

                |      None                        Percent              
    Variable    |     Missing          Total     Not Missing
----------------+-----------------------------------------------
        no vars |       6,325      11,642          54.33
----------------+-----------------------------------------------
number of nonmissing responses for social_raw

                |      None                        Percent              
    Variable    |     Missing          Total     Not Missing
----------------+-----------------------------------------------
        no vars |       4,159      11,642          35.72
----------------+-----------------------------------------------
number of nonmissing responses for help_raw

                |      None                        Percent              
    Variable    |     Missing          Total     Not Missing
----------------+-----------------------------------------------
        no vars |       8,756      11,642          75.21
----------------+-----------------------------------------------
number of nonmissing responses for resrc_raw

                |      None                        Percent              
    Variable    |     Missing          Total     Not Missing
----------------+-----------------------------------------------
        no vars |       8,337      11,642          71.61
----------------+-----------------------------------------------
number of nonmissing responses for pay_plan_raw

                |      None                        Percent              
    Variable    |     Missing          Total     Not Missing
----------------+-----------------------------------------------
        no vars |       8,456      11,642          72.63
----------------+-----------------------------------------------
number of nonmissing responses for major_raw

                |      None                        Percent              
    Variable    |     Missing          Total     Not Missing
----------------+-----------------------------------------------
        no vars |       8,445      11,642          72.54
----------------+-----------------------------------------------
number of nonmissing responses for why_no_atog_raw

                |      None                        Percent              
    Variable    |     Missing          Total     Not Missing
----------------+-----------------------------------------------
        no vars |         621      11,642           5.33
----------------+-----------------------------------------------
number of nonmissing responses for why_de_raw

                |      None                        Percent              
    Variable    |     Missing          Total     Not Missing
----------------+-----------------------------------------------
        no vars |       3,446      11,642          29.60
----------------+-----------------------------------------------

. 
. log close 
      name:  <unnamed>
       log:  /home/research/ca_ed_lab/projects/csac_survey2024/log/explore/sele
> ct_all_denom.smcl
  log type:  smcl
 closed on:  11 Dec 2024, 17:28:51
-------------------------------------------------------------------------------
