-------------------------------------------------------------------------------
      name:  <unnamed>
       log:  /home/research/ca_ed_lab/projects/csac_survey2024/log/explore/tab_
> why_fafsa.smcl
  log type:  smcl
 opened on:  21 Jun 2026, 16:40:38

. 
. di "simple tabulation"
simple tabulation

. 
. tab why_fafsa_eligible

 Q11: Check |
Eligibility |
        for |
  Financial |
        Aid |      Freq.     Percent        Cum.
------------+-----------------------------------
          0 |      4,229       37.63       37.63
          1 |      7,009       62.37      100.00
------------+-----------------------------------
      Total |     11,238      100.00

. 
. tab why_fafsa_school

why_fafsa_s |
      chool |      Freq.     Percent        Cum.
------------+-----------------------------------
          0 |     18,389       73.48       73.48
          1 |      6,637       26.52      100.00
------------+-----------------------------------
      Total |     25,026      100.00

. 
. foreach demog in race_simple_24 race_simple_23 race_hrchy parent_edu {
  2.     di "tabulation by `demog'"
  3.     tab `demog' why_fafsa_eligible, row 
  4. 
.     tab `demog' why_fafsa_school, row
  5. }
tabulation by race_simple_24

+----------------+
| Key            |
|----------------|
|   frequency    |
| row percentage |
+----------------+

   race narrowly |
         defined |      Q11: Check
       (mutually |    Eligibility for
exclusive), 2024 |     Financial Aid
         version |         0          1 |     Total
-----------------+----------------------+----------
           Black |       175        220 |       395 
                 |     44.30      55.70 |    100.00 
-----------------+----------------------+----------
          Native |        16         15 |        31 
                 |     51.61      48.39 |    100.00 
-----------------+----------------------+----------
           Asian |       287        714 |     1,001 
                 |     28.67      71.33 |    100.00 
-----------------+----------------------+----------
        Filipino |        41         92 |       133 
                 |     30.83      69.17 |    100.00 
-----------------+----------------------+----------
        Hispanic |     1,768      2,688 |     4,456 
                 |     39.68      60.32 |    100.00 
-----------------+----------------------+----------
Pacific Islander |        11         13 |        24 
                 |     45.83      54.17 |    100.00 
-----------------+----------------------+----------
           White |       472        878 |     1,350 
                 |     34.96      65.04 |    100.00 
-----------------+----------------------+----------
      Other Race |        67        113 |       180 
                 |     37.22      62.78 |    100.00 
-----------------+----------------------+----------
     Multiracial |       377        770 |     1,147 
                 |     32.87      67.13 |    100.00 
-----------------+----------------------+----------
           Total |     3,214      5,503 |     8,717 
                 |     36.87      63.13 |    100.00 

+----------------+
| Key            |
|----------------|
|   frequency    |
| row percentage |
+----------------+

   race narrowly |
         defined |
       (mutually |
exclusive), 2024 |   why_fafsa_school
         version |         0          1 |     Total
-----------------+----------------------+----------
           Black |       141        255 |       396 
                 |     35.61      64.39 |    100.00 
-----------------+----------------------+----------
          Native |        13         18 |        31 
                 |     41.94      58.06 |    100.00 
-----------------+----------------------+----------
           Asian |       438        563 |     1,001 
                 |     43.76      56.24 |    100.00 
-----------------+----------------------+----------
        Filipino |        49         84 |       133 
                 |     36.84      63.16 |    100.00 
-----------------+----------------------+----------
        Hispanic |     1,728      2,730 |     4,458 
                 |     38.76      61.24 |    100.00 
-----------------+----------------------+----------
Pacific Islander |         9         15 |        24 
                 |     37.50      62.50 |    100.00 
-----------------+----------------------+----------
           White |       625        725 |     1,350 
                 |     46.30      53.70 |    100.00 
-----------------+----------------------+----------
      Other Race |        90         90 |       180 
                 |     50.00      50.00 |    100.00 
-----------------+----------------------+----------
     Multiracial |       457        690 |     1,147 
                 |     39.84      60.16 |    100.00 
-----------------+----------------------+----------
           Total |     3,550      5,170 |     8,720 
                 |     40.71      59.29 |    100.00 
tabulation by race_simple_23

+----------------+
| Key            |
|----------------|
|   frequency    |
| row percentage |
+----------------+

                 |      Q11: Check
        mutually |    Eligibility for
 exclusive race, |     Financial Aid
    2023 version |         0          1 |     Total
-----------------+----------------------+----------
           Black |       172        215 |       387 
                 |     44.44      55.56 |    100.00 
-----------------+----------------------+----------
          Native |        14         15 |        29 
                 |     48.28      51.72 |    100.00 
-----------------+----------------------+----------
           Asian |       281        687 |       968 
                 |     29.03      70.97 |    100.00 
-----------------+----------------------+----------
        Filipino |        41         91 |       132 
                 |     31.06      68.94 |    100.00 
-----------------+----------------------+----------
        Hispanic |     1,757      2,671 |     4,428 
                 |     39.68      60.32 |    100.00 
-----------------+----------------------+----------
Pacific Islander |        11         13 |        24 
                 |     45.83      54.17 |    100.00 
-----------------+----------------------+----------
           White |       462        857 |     1,319 
                 |     35.03      64.97 |    100.00 
-----------------+----------------------+----------
      Other Race |        67        113 |       180 
                 |     37.22      62.78 |    100.00 
-----------------+----------------------+----------
     Multiracial |       409        841 |     1,250 
                 |     32.72      67.28 |    100.00 
-----------------+----------------------+----------
           Total |     3,214      5,503 |     8,717 
                 |     36.87      63.13 |    100.00 

+----------------+
| Key            |
|----------------|
|   frequency    |
| row percentage |
+----------------+

        mutually |
 exclusive race, |   why_fafsa_school
    2023 version |         0          1 |     Total
-----------------+----------------------+----------
           Black |       138        250 |       388 
                 |     35.57      64.43 |    100.00 
-----------------+----------------------+----------
          Native |        12         17 |        29 
                 |     41.38      58.62 |    100.00 
-----------------+----------------------+----------
           Asian |       418        550 |       968 
                 |     43.18      56.82 |    100.00 
-----------------+----------------------+----------
        Filipino |        48         84 |       132 
                 |     36.36      63.64 |    100.00 
-----------------+----------------------+----------
        Hispanic |     1,714      2,716 |     4,430 
                 |     38.69      61.31 |    100.00 
-----------------+----------------------+----------
Pacific Islander |         9         15 |        24 
                 |     37.50      62.50 |    100.00 
-----------------+----------------------+----------
           White |       611        708 |     1,319 
                 |     46.32      53.68 |    100.00 
-----------------+----------------------+----------
      Other Race |        90         90 |       180 
                 |     50.00      50.00 |    100.00 
-----------------+----------------------+----------
     Multiracial |       510        740 |     1,250 
                 |     40.80      59.20 |    100.00 
-----------------+----------------------+----------
           Total |     3,550      5,170 |     8,720 
                 |     40.71      59.29 |    100.00 
tabulation by race_hrchy

+----------------+
| Key            |
|----------------|
|   frequency    |
| row percentage |
+----------------+

                      |      Q11: Check
   mutually exclusive |    Eligibility for
    race based on URM |     Financial Aid
            hierarchy |         0          1 |     Total
----------------------+----------------------+----------
American Indian/Alask |        71        133 |       204 
                      |     34.80      65.20 |    100.00 
----------------------+----------------------+----------
                Black |       276        367 |       643 
                      |     42.92      57.08 |    100.00 
----------------------+----------------------+----------
             Hispanic |     1,911      2,982 |     4,893 
                      |     39.06      60.94 |    100.00 
----------------------+----------------------+----------
     Pacific Islander |        17         30 |        47 
                      |     36.17      63.83 |    100.00 
----------------------+----------------------+----------
             Filipino |        86        205 |       291 
                      |     29.55      70.45 |    100.00 
----------------------+----------------------+----------
                Asian |       314        795 |     1,109 
                      |     28.31      71.69 |    100.00 
----------------------+----------------------+----------
           Other race |        77        134 |       211 
                      |     36.49      63.51 |    100.00 
----------------------+----------------------+----------
   White/Non-Hispanic |       462        857 |     1,319 
                      |     35.03      64.97 |    100.00 
----------------------+----------------------+----------
                Total |     3,214      5,503 |     8,717 
                      |     36.87      63.13 |    100.00 

+----------------+
| Key            |
|----------------|
|   frequency    |
| row percentage |
+----------------+

   mutually exclusive |
    race based on URM |   why_fafsa_school
            hierarchy |         0          1 |     Total
----------------------+----------------------+----------
American Indian/Alask |        90        114 |       204 
                      |     44.12      55.88 |    100.00 
----------------------+----------------------+----------
                Black |       221        423 |       644 
                      |     34.32      65.68 |    100.00 
----------------------+----------------------+----------
             Hispanic |     1,903      2,992 |     4,895 
                      |     38.88      61.12 |    100.00 
----------------------+----------------------+----------
     Pacific Islander |        19         28 |        47 
                      |     40.43      59.57 |    100.00 
----------------------+----------------------+----------
             Filipino |       113        178 |       291 
                      |     38.83      61.17 |    100.00 
----------------------+----------------------+----------
                Asian |       489        620 |     1,109 
                      |     44.09      55.91 |    100.00 
----------------------+----------------------+----------
           Other race |       104        107 |       211 
                      |     49.29      50.71 |    100.00 
----------------------+----------------------+----------
   White/Non-Hispanic |       611        708 |     1,319 
                      |     46.32      53.68 |    100.00 
----------------------+----------------------+----------
                Total |     3,550      5,170 |     8,720 
                      |     40.71      59.29 |    100.00 
tabulation by parent_edu

+----------------+
| Key            |
|----------------|
|   frequency    |
| row percentage |
+----------------+

                      |      Q11: Check
                      |    Eligibility for
  Q73: highest parent |     Financial Aid
            education |         0          1 |     Total
----------------------+----------------------+----------
           Don't know |       208        298 |       506 
                      |     41.11      58.89 |    100.00 
----------------------+----------------------+----------
Did not complete high |       701      1,112 |     1,813 
                      |     38.67      61.33 |    100.00 
----------------------+----------------------+----------
  High school diploma |       986      1,402 |     2,388 
                      |     41.29      58.71 |    100.00 
----------------------+----------------------+----------
Some college, no coll |       435        697 |     1,132 
                      |     38.43      61.57 |    100.00 
----------------------+----------------------+----------
     Associate degree |       152        300 |       452 
                      |     33.63      66.37 |    100.00 
----------------------+----------------------+----------
    Bachelor's degree |       363        914 |     1,277 
                      |     28.43      71.57 |    100.00 
----------------------+----------------------+----------
Graduate/Professional |       376        790 |     1,166 
                      |     32.25      67.75 |    100.00 
----------------------+----------------------+----------
                Total |     3,221      5,513 |     8,734 
                      |     36.88      63.12 |    100.00 

+----------------+
| Key            |
|----------------|
|   frequency    |
| row percentage |
+----------------+

  Q73: highest parent |   why_fafsa_school
            education |         0          1 |     Total
----------------------+----------------------+----------
           Don't know |       206        301 |       507 
                      |     40.63      59.37 |    100.00 
----------------------+----------------------+----------
Did not complete high |       711      1,102 |     1,813 
                      |     39.22      60.78 |    100.00 
----------------------+----------------------+----------
  High school diploma |       934      1,455 |     2,389 
                      |     39.10      60.90 |    100.00 
----------------------+----------------------+----------
Some college, no coll |       432        701 |     1,133 
                      |     38.13      61.87 |    100.00 
----------------------+----------------------+----------
     Associate degree |       178        274 |       452 
                      |     39.38      60.62 |    100.00 
----------------------+----------------------+----------
    Bachelor's degree |       567        710 |     1,277 
                      |     44.40      55.60 |    100.00 
----------------------+----------------------+----------
Graduate/Professional |       532        635 |     1,167 
                      |     45.59      54.41 |    100.00 
----------------------+----------------------+----------
                Total |     3,560      5,178 |     8,738 
                      |     40.74      59.26 |    100.00 

. 
. log close 
      name:  <unnamed>
       log:  /home/research/ca_ed_lab/projects/csac_survey2024/log/explore/tab_
> why_fafsa.smcl
  log type:  smcl
 closed on:  21 Jun 2026, 16:40:38
-------------------------------------------------------------------------------
